  Ball.cpp
f:\c++ projects\pong\pong\ball.cpp(35): warning C4244: '=': conversion from 'T' to 'T', possible loss of data
          with
          [
              T=unsigned int
          ]
          and
          [
              T=float
          ]
f:\c++ projects\pong\pong\ball.cpp(36): warning C4244: '=': conversion from 'T' to 'T', possible loss of data
          with
          [
              T=unsigned int
          ]
          and
          [
              T=float
          ]
  Pong.vcxproj -> F:\C++ Projects\Pong\Debug\Pong.exe
